<?xml version="1.0" encoding="UTF-8"?>
<!-- Generated by org.testng.reporters.JUnitReportReporter -->
<testsuite skipped="0" hostname="Yusufs-MBP.home" name="practice.ExcelWriting" tests="1" failures="0" timestamp="2020-01-23T22:04:30 CST" time="0.604" errors="0">
  <testcase name="write" time="0.604" classname="practice.ExcelWriting"/>
</testsuite> <!-- practice.ExcelWriting -->
