<?xml version="1.0" encoding="UTF-8"?>
<!-- Generated by org.testng.reporters.JUnitReportReporter -->
<testsuite skipped="0" hostname="Yusufs-MBP.home" name="com.hrms.testcases.LoginWithCredentials" tests="1" failures="0" timestamp="2020-01-21T20:07:39 CST" time="4.971" errors="0">
  <testcase name="loginValidation" time="4.971" classname="com.hrms.testcases.LoginWithCredentials"/>
</testsuite> <!-- com.hrms.testcases.LoginWithCredentials -->
