<?xml version="1.0" encoding="UTF-8"?>
<!-- Generated by org.testng.reporters.JUnitReportReporter -->
<testsuite skipped="0" hostname="Yusufs-MBP.home" name="practice.XLReading" tests="1" failures="0" timestamp="2020-01-21T21:27:45 CST" time="0.443" errors="0">
  <testcase name="read" time="0.443" classname="practice.XLReading"/>
</testsuite> <!-- practice.XLReading -->
