<?xml version="1.0" encoding="UTF-8"?>
<!-- Generated by org.testng.reporters.JUnitReportReporter -->
<testsuite skipped="0" hostname="Yusufs-MacBook-Pro.local" name="practice.PropertyFileReading" tests="1" failures="0" timestamp="2020-01-19T13:56:28 CST" time="0.010" errors="0">
  <testcase name="read" time="0.010" classname="practice.PropertyFileReading"/>
</testsuite> <!-- practice.PropertyFileReading -->
