<?xml version="1.0" encoding="UTF-8"?>
<!-- Generated by org.testng.reporters.JUnitReportReporter -->
<testsuite skipped="0" hostname="Yusufs-MacBook-Pro.local" name="com.hrms.testcases.LeaveListPageTest" tests="2" failures="0" timestamp="2020-01-25T12:40:38 CST" time="12.608" errors="0">
  <testcase name="leaveLableValidation1" time="5.610" classname="com.hrms.testcases.LeaveListPageTest"/>
  <testcase name="leaveLabelValidation" time="6.998" classname="com.hrms.testcases.LeaveListPageTest"/>
</testsuite> <!-- com.hrms.testcases.LeaveListPageTest -->
