<?xml version="1.0" encoding="UTF-8"?>
<!-- Generated by org.testng.reporters.JUnitReportReporter -->
<testsuite skipped="0" hostname="Yusufs-MacBook-Pro.local" name="practice.TimeStamp" tests="1" failures="0" timestamp="2020-01-25T12:24:21 CST" time="0.030" errors="0">
  <testcase name="getTime" time="0.030" classname="practice.TimeStamp"/>
</testsuite> <!-- practice.TimeStamp -->
