<?xml version="1.0" encoding="UTF-8"?>
<!-- Generated by org.testng.reporters.JUnitReportReporter -->
<testsuite skipped="4" hostname="Yusufs-MBP.home" name="com.hrms.testcases.LoginPageTest" tests="7" failures="0" timestamp="2020-01-23T22:12:48 CST" time="16.641" errors="0">
  <testcase name="multipleLogin" time="5.055" classname="com.hrms.testcases.LoginPageTest"/>
  <testcase name="multipleLogin" time="7.385" classname="com.hrms.testcases.LoginPageTest"/>
  <testcase name="multipleLogin" time="4.201" classname="com.hrms.testcases.LoginPageTest"/>
  <testcase name="login" classname="com.hrms.testcases.LoginPageTest">
    <skipped/>
  </testcase> <!-- login -->
  <testcase name="loginValidation" classname="com.hrms.testcases.LoginPageTest">
    <skipped/>
  </testcase> <!-- loginValidation -->
  <testcase name="loginEmptyPw" classname="com.hrms.testcases.LoginPageTest">
    <skipped/>
  </testcase> <!-- loginEmptyPw -->
  <testcase name="loginWithDataProvider" classname="com.hrms.testcases.LoginPageTest">
    <skipped/>
  </testcase> <!-- loginWithDataProvider -->
</testsuite> <!-- com.hrms.testcases.LoginPageTest -->
