<?xml version="1.0" encoding="UTF-8"?>
<!-- Generated by org.testng.reporters.JUnitReportReporter -->
<testsuite skipped="0" hostname="Yusufs-MBP.home" name="com.hrms.testcases.PersonalDetailsPageTest" tests="1" failures="0" timestamp="2020-01-24T03:44:38 CST" time="18.821" errors="0">
  <testcase name="uploadPhoto" time="18.821" classname="com.hrms.testcases.PersonalDetailsPageTest"/>
</testsuite> <!-- com.hrms.testcases.PersonalDetailsPageTest -->
