<?xml version="1.0" encoding="UTF-8"?>
<!-- Generated by org.testng.reporters.JUnitReportReporter -->
<testsuite skipped="0" hostname="Yusufs-MacBook-Pro.local" name="com.hrms.testcases.AddEmployeePageTest" tests="4" failures="0" timestamp="2020-01-25T12:40:38 CST" time="40.413" errors="0">
  <testcase name="addEmpWithDataProvider" time="12.017" classname="com.hrms.testcases.AddEmployeePageTest"/>
  <testcase name="addEmployeeValidation" time="10.901" classname="com.hrms.testcases.AddEmployeePageTest"/>
  <testcase name="addEmpWithDataProvider" time="8.571" classname="com.hrms.testcases.AddEmployeePageTest"/>
  <testcase name="addEmpWithDataProvider" time="8.924" classname="com.hrms.testcases.AddEmployeePageTest"/>
</testsuite> <!-- com.hrms.testcases.AddEmployeePageTest -->
